

*******************************************************************************
Thu Apr 21 14:55:15 2016


FIT:    data read from "file.txt" u 0:($1/8.+.5)
        #datapoints = 10000
        residuals are weighted equally (unit weight)

function used for fitting: f(x)
fitted parameters initialized with current variable values



 Iteration 0
 WSSR        : 3.33219e+11       delta(WSSR)/WSSR   : 0
 delta(WSSR) : 0                 limit for stopping : 1e-05
 lambda	  : 36652.7

initial set of free parameter values

a               = 1
b               = 1

After 8 iterations the fit converged.
final sum of squares of residuals : 10.0777
rel. change during last iteration : -4.43355e-07

degrees of freedom    (FIT_NDF)                        : 9998
rms of residuals      (FIT_STDFIT) = sqrt(WSSR/ndf)    : 0.0317485
variance of residuals (reduced chisquare) = WSSR/ndf   : 0.00100797

Final set of parameters            Asymptotic Standard Error
=======================            ==========================

a               = 0.000512164      +/- 6.739e-06    (1.316%)
b               = 0.81158          +/- 0.001483     (0.1828%)


correlation matrix of the fit parameters:

               a      b      
a               1.000 
b              -0.999  1.000 


*******************************************************************************
Thu Apr 21 14:55:56 2016


FIT:    data read from "file.txt" u 0:($1/8.+.5)
	x range restricted to [1.00000 : 10.0000]
        #datapoints = 10
        residuals are weighted equally (unit weight)

function used for fitting: f(x)
fitted parameters initialized with current variable values



 Iteration 0
 WSSR        : 4.80325e-06       delta(WSSR)/WSSR   : 0
 delta(WSSR) : 0                 limit for stopping : 1e-05
 lambda	  : 3.01352

initial set of free parameter values

a               = 0.000512164
b               = 0.81158

After 7 iterations the fit converged.
final sum of squares of residuals : 1.1487e-07
rel. change during last iteration : -1.68809e-06

degrees of freedom    (FIT_NDF)                        : 8
rms of residuals      (FIT_STDFIT) = sqrt(WSSR/ndf)    : 0.000119828
variance of residuals (reduced chisquare) = WSSR/ndf   : 1.43588e-08

Final set of parameters            Asymptotic Standard Error
=======================            ==========================

a               = 0.000439743      +/- 5.346e-05    (12.16%)
b               = 0.698391         +/- 0.06145      (8.798%)


correlation matrix of the fit parameters:

               a      b      
a               1.000 
b              -0.978  1.000 


*******************************************************************************
Thu Apr 21 14:56:11 2016


FIT:    data read from "file.txt" u 0:($1/8.+.5)
	x range restricted to [10.0000 : 100.000]
        #datapoints = 91
        residuals are weighted equally (unit weight)

function used for fitting: f(x)
fitted parameters initialized with current variable values



 Iteration 0
 WSSR        : 0.00102144        delta(WSSR)/WSSR   : 0
 delta(WSSR) : 0                 limit for stopping : 1e-05
 lambda	  : 11.9885

initial set of free parameter values

a               = 0.000439743
b               = 0.698391

After 23 iterations the fit converged.
final sum of squares of residuals : 2.93032e-06
rel. change during last iteration : -4.89215e-06

degrees of freedom    (FIT_NDF)                        : 89
rms of residuals      (FIT_STDFIT) = sqrt(WSSR/ndf)    : 0.000181452
variance of residuals (reduced chisquare) = WSSR/ndf   : 3.2925e-08

Final set of parameters            Asymptotic Standard Error
=======================            ==========================

a               = 0.000253911      +/- 5.594e-06    (2.203%)
b               = 0.914123         +/- 0.005145     (0.5628%)


correlation matrix of the fit parameters:

               a      b      
a               1.000 
b              -0.997  1.000 
